{"/mnt/c/projects/mern-project/chemical-auditor-back/controllers/entry_controller.js": {"path":"/mnt/c/projects/mern-project/chemical-auditor-back/controllers/entry_controller.js","statementMap":{"0":{"start":{"line":1,"column":19},"end":{"line":1,"column":62}},"1":{"start":{"line":2,"column":20},"end":{"line":2,"column":53}},"2":{"start":{"line":4,"column":18},"end":{"line":10,"column":1}},"3":{"start":{"line":5,"column":2},"end":{"line":9,"column":3}},"4":{"start":{"line":6,"column":4},"end":{"line":6,"column":31}},"5":{"start":{"line":8,"column":4},"end":{"line":8,"column":18}},"6":{"start":{"line":12,"column":14},"end":{"line":19,"column":1}},"7":{"start":{"line":13,"column":2},"end":{"line":18,"column":3}},"8":{"start":{"line":14,"column":20},"end":{"line":14,"column":43}},"9":{"start":{"line":15,"column":4},"end":{"line":15,"column":22}},"10":{"start":{"line":17,"column":4},"end":{"line":17,"column":18}},"11":{"start":{"line":22,"column":17},"end":{"line":29,"column":1}},"12":{"start":{"line":23,"column":2},"end":{"line":28,"column":3}},"13":{"start":{"line":24,"column":17},"end":{"line":24,"column":36}},"14":{"start":{"line":25,"column":4},"end":{"line":25,"column":19}},"15":{"start":{"line":27,"column":4},"end":{"line":27,"column":18}},"16":{"start":{"line":32,"column":15},"end":{"line":74,"column":1}},"17":{"start":{"line":51,"column":6},"end":{"line":51,"column":14}},"18":{"start":{"line":53,"column":2},"end":{"line":73,"column":33}},"19":{"start":{"line":72,"column":16},"end":{"line":72,"column":50}},"20":{"start":{"line":73,"column":18},"end":{"line":73,"column":31}},"21":{"start":{"line":77,"column":13},"end":{"line":84,"column":1}},"22":{"start":{"line":78,"column":2},"end":{"line":83,"column":3}},"23":{"start":{"line":79,"column":18},"end":{"line":79,"column":58}},"24":{"start":{"line":80,"column":4},"end":{"line":80,"column":20}},"25":{"start":{"line":82,"column":4},"end":{"line":82,"column":18}},"26":{"start":{"line":87,"column":20},"end":{"line":94,"column":1}},"27":{"start":{"line":88,"column":2},"end":{"line":93,"column":3}},"28":{"start":{"line":89,"column":4},"end":{"line":89,"column":54}},"29":{"start":{"line":90,"column":4},"end":{"line":90,"column":41}},"30":{"start":{"line":92,"column":4},"end":{"line":92,"column":18}},"31":{"start":{"line":97,"column":13},"end":{"line":104,"column":1}},"32":{"start":{"line":98,"column":2},"end":{"line":103,"column":3}},"33":{"start":{"line":99,"column":18},"end":{"line":99,"column":58}},"34":{"start":{"line":100,"column":4},"end":{"line":100,"column":20}},"35":{"start":{"line":102,"column":4},"end":{"line":102,"column":18}},"36":{"start":{"line":108,"column":15},"end":{"line":157,"column":1}},"37":{"start":{"line":127,"column":6},"end":{"line":127,"column":14}},"38":{"start":{"line":129,"column":2},"end":{"line":156,"column":3}},"39":{"start":{"line":130,"column":4},"end":{"line":151,"column":6}},"40":{"start":{"line":153,"column":4},"end":{"line":153,"column":38}},"41":{"start":{"line":155,"column":4},"end":{"line":155,"column":18}},"42":{"start":{"line":159,"column":0},"end":{"line":168,"column":2}}},"fnMap":{"0":{"name":"(anonymous_0)","decl":{"start":{"line":4,"column":18},"end":{"line":4,"column":19}},"loc":{"start":{"line":4,"column":32},"end":{"line":10,"column":1}},"line":4},"1":{"name":"(anonymous_1)","decl":{"start":{"line":12,"column":14},"end":{"line":12,"column":15}},"loc":{"start":{"line":12,"column":34},"end":{"line":19,"column":1}},"line":12},"2":{"name":"(anonymous_2)","decl":{"start":{"line":22,"column":17},"end":{"line":22,"column":18}},"loc":{"start":{"line":22,"column":37},"end":{"line":29,"column":1}},"line":22},"3":{"name":"(anonymous_3)","decl":{"start":{"line":32,"column":15},"end":{"line":32,"column":16}},"loc":{"start":{"line":32,"column":35},"end":{"line":74,"column":1}},"line":32},"4":{"name":"(anonymous_4)","decl":{"start":{"line":72,"column":10},"end":{"line":72,"column":11}},"loc":{"start":{"line":72,"column":16},"end":{"line":72,"column":50}},"line":72},"5":{"name":"(anonymous_5)","decl":{"start":{"line":73,"column":11},"end":{"line":73,"column":12}},"loc":{"start":{"line":73,"column":18},"end":{"line":73,"column":31}},"line":73},"6":{"name":"(anonymous_6)","decl":{"start":{"line":77,"column":13},"end":{"line":77,"column":14}},"loc":{"start":{"line":77,"column":33},"end":{"line":84,"column":1}},"line":77},"7":{"name":"(anonymous_7)","decl":{"start":{"line":87,"column":20},"end":{"line":87,"column":21}},"loc":{"start":{"line":87,"column":40},"end":{"line":94,"column":1}},"line":87},"8":{"name":"(anonymous_8)","decl":{"start":{"line":97,"column":13},"end":{"line":97,"column":14}},"loc":{"start":{"line":97,"column":33},"end":{"line":104,"column":1}},"line":97},"9":{"name":"(anonymous_9)","decl":{"start":{"line":108,"column":15},"end":{"line":108,"column":16}},"loc":{"start":{"line":108,"column":35},"end":{"line":157,"column":1}},"line":108}},"branchMap":{},"s":{"0":1,"1":1,"2":1,"3":0,"4":0,"5":0,"6":1,"7":0,"8":0,"9":0,"10":0,"11":1,"12":0,"13":0,"14":0,"15":0,"16":1,"17":1,"18":1,"19":0,"20":0,"21":1,"22":0,"23":0,"24":0,"25":0,"26":1,"27":0,"28":0,"29":0,"30":0,"31":1,"32":0,"33":0,"34":0,"35":0,"36":1,"37":0,"38":0,"39":0,"40":0,"41":0,"42":1},"f":{"0":0,"1":0,"2":0,"3":1,"4":0,"5":0,"6":0,"7":0,"8":0,"9":0},"b":{},"_coverageSchema":"43e27e138ebf9cfc5966b082cf9a028302ed4184","hash":"e4fbb2ab47a52810929f5f48e265453c82462808"}
,"/mnt/c/projects/mern-project/chemical-auditor-back/controllers/user_controller.js": {"path":"/mnt/c/projects/mern-project/chemical-auditor-back/controllers/user_controller.js","statementMap":{"0":{"start":{"line":1,"column":18},"end":{"line":1,"column":60}},"1":{"start":{"line":2,"column":12},"end":{"line":2,"column":35}},"2":{"start":{"line":8,"column":14},"end":{"line":15,"column":1}},"3":{"start":{"line":9,"column":2},"end":{"line":14,"column":3}},"4":{"start":{"line":10,"column":18},"end":{"line":10,"column":40}},"5":{"start":{"line":11,"column":4},"end":{"line":11,"column":20}},"6":{"start":{"line":13,"column":4},"end":{"line":13,"column":18}},"7":{"start":{"line":18,"column":15},"end":{"line":31,"column":1}},"8":{"start":{"line":19,"column":40},"end":{"line":19,"column":48}},"9":{"start":{"line":20,"column":2},"end":{"line":30,"column":36}},"10":{"start":{"line":26,"column":20},"end":{"line":26,"column":72}},"11":{"start":{"line":27,"column":6},"end":{"line":27,"column":36}},"12":{"start":{"line":28,"column":6},"end":{"line":28,"column":53}},"13":{"start":{"line":30,"column":18},"end":{"line":30,"column":34}},"14":{"start":{"line":34,"column":13},"end":{"line":41,"column":1}},"15":{"start":{"line":35,"column":2},"end":{"line":40,"column":3}},"16":{"start":{"line":36,"column":17},"end":{"line":36,"column":56}},"17":{"start":{"line":37,"column":4},"end":{"line":37,"column":19}},"18":{"start":{"line":39,"column":4},"end":{"line":39,"column":18}},"19":{"start":{"line":44,"column":15},"end":{"line":56,"column":1}},"20":{"start":{"line":45,"column":2},"end":{"line":55,"column":3}},"21":{"start":{"line":46,"column":40},"end":{"line":46,"column":48}},"22":{"start":{"line":47,"column":4},"end":{"line":51,"column":7}},"23":{"start":{"line":52,"column":4},"end":{"line":52,"column":32}},"24":{"start":{"line":54,"column":4},"end":{"line":54,"column":18}},"25":{"start":{"line":59,"column":19},"end":{"line":66,"column":1}},"26":{"start":{"line":60,"column":2},"end":{"line":65,"column":3}},"27":{"start":{"line":61,"column":4},"end":{"line":61,"column":53}},"28":{"start":{"line":62,"column":4},"end":{"line":62,"column":42}},"29":{"start":{"line":64,"column":4},"end":{"line":64,"column":18}},"30":{"start":{"line":68,"column":0},"end":{"line":74,"column":2}}},"fnMap":{"0":{"name":"(anonymous_0)","decl":{"start":{"line":8,"column":14},"end":{"line":8,"column":15}},"loc":{"start":{"line":8,"column":40},"end":{"line":15,"column":1}},"line":8},"1":{"name":"(anonymous_1)","decl":{"start":{"line":18,"column":15},"end":{"line":18,"column":16}},"loc":{"start":{"line":18,"column":41},"end":{"line":31,"column":1}},"line":18},"2":{"name":"(anonymous_2)","decl":{"start":{"line":25,"column":10},"end":{"line":25,"column":11}},"loc":{"start":{"line":25,"column":18},"end":{"line":29,"column":5}},"line":25},"3":{"name":"(anonymous_3)","decl":{"start":{"line":30,"column":11},"end":{"line":30,"column":12}},"loc":{"start":{"line":30,"column":18},"end":{"line":30,"column":34}},"line":30},"4":{"name":"(anonymous_4)","decl":{"start":{"line":34,"column":13},"end":{"line":34,"column":14}},"loc":{"start":{"line":34,"column":33},"end":{"line":41,"column":1}},"line":34},"5":{"name":"(anonymous_5)","decl":{"start":{"line":44,"column":15},"end":{"line":44,"column":16}},"loc":{"start":{"line":44,"column":41},"end":{"line":56,"column":1}},"line":44},"6":{"name":"(anonymous_6)","decl":{"start":{"line":59,"column":19},"end":{"line":59,"column":20}},"loc":{"start":{"line":59,"column":45},"end":{"line":66,"column":1}},"line":59}},"branchMap":{},"s":{"0":1,"1":1,"2":1,"3":1,"4":1,"5":0,"6":0,"7":1,"8":0,"9":0,"10":0,"11":0,"12":0,"13":0,"14":1,"15":0,"16":0,"17":0,"18":0,"19":1,"20":0,"21":0,"22":0,"23":0,"24":0,"25":1,"26":0,"27":0,"28":0,"29":0,"30":1},"f":{"0":1,"1":0,"2":0,"3":0,"4":0,"5":0,"6":0},"b":{},"_coverageSchema":"43e27e138ebf9cfc5966b082cf9a028302ed4184","hash":"c1c750bcb5088b86c633d89c6618f9e98d75c9a4"}
,"/mnt/c/projects/mern-project/chemical-auditor-back/database/models/entry_model.js": {"path":"/mnt/c/projects/mern-project/chemical-auditor-back/database/models/entry_model.js","statementMap":{"0":{"start":{"line":1,"column":17},"end":{"line":1,"column":36}},"1":{"start":{"line":2,"column":20},"end":{"line":2,"column":56}},"2":{"start":{"line":4,"column":19},"end":{"line":4,"column":55}},"3":{"start":{"line":6,"column":0},"end":{"line":6,"column":28}}},"fnMap":{},"branchMap":{},"s":{"0":1,"1":1,"2":1,"3":1},"f":{},"b":{},"_coverageSchema":"43e27e138ebf9cfc5966b082cf9a028302ed4184","hash":"02e34f2780bd35070bce6b4896e00c31a69e75d8"}
,"/mnt/c/projects/mern-project/chemical-auditor-back/database/models/user_model.js": {"path":"/mnt/c/projects/mern-project/chemical-auditor-back/database/models/user_model.js","statementMap":{"0":{"start":{"line":1,"column":17},"end":{"line":1,"column":36}},"1":{"start":{"line":2,"column":19},"end":{"line":2,"column":54}},"2":{"start":{"line":4,"column":18},"end":{"line":4,"column":52}},"3":{"start":{"line":6,"column":0},"end":{"line":6,"column":27}}},"fnMap":{},"branchMap":{},"s":{"0":1,"1":1,"2":1,"3":1},"f":{},"b":{},"_coverageSchema":"43e27e138ebf9cfc5966b082cf9a028302ed4184","hash":"65ff2004496113f78542cb55a0ed5320bd28f6ac"}
,"/mnt/c/projects/mern-project/chemical-auditor-back/database/schemas/entry_schema.js": {"path":"/mnt/c/projects/mern-project/chemical-auditor-back/database/schemas/entry_schema.js","statementMap":{"0":{"start":{"line":1,"column":17},"end":{"line":1,"column":36}},"1":{"start":{"line":2,"column":15},"end":{"line":2,"column":30}},"2":{"start":{"line":4,"column":20},"end":{"line":79,"column":2}},"3":{"start":{"line":81,"column":0},"end":{"line":81,"column":29}}},"fnMap":{},"branchMap":{},"s":{"0":1,"1":1,"2":1,"3":1},"f":{},"b":{},"_coverageSchema":"43e27e138ebf9cfc5966b082cf9a028302ed4184","hash":"5746158c278dabc4f58cdb9acd853a29bacad97d"}
,"/mnt/c/projects/mern-project/chemical-auditor-back/database/schemas/user_schema.js": {"path":"/mnt/c/projects/mern-project/chemical-auditor-back/database/schemas/user_schema.js","statementMap":{"0":{"start":{"line":1,"column":17},"end":{"line":1,"column":36}},"1":{"start":{"line":2,"column":15},"end":{"line":2,"column":30}},"2":{"start":{"line":4,"column":19},"end":{"line":21,"column":2}},"3":{"start":{"line":23,"column":0},"end":{"line":23,"column":46}},"4":{"start":{"line":24,"column":0},"end":{"line":24,"column":28}}},"fnMap":{},"branchMap":{},"s":{"0":1,"1":1,"2":1,"3":1,"4":1},"f":{},"b":{},"_coverageSchema":"43e27e138ebf9cfc5966b082cf9a028302ed4184","hash":"00af483748c1bf6285ec4fd336c2600cb74e5675"}
,"/mnt/c/projects/mern-project/chemical-auditor-back/services/api_call.js": {"path":"/mnt/c/projects/mern-project/chemical-auditor-back/services/api_call.js","statementMap":{"0":{"start":{"line":1,"column":14},"end":{"line":1,"column":30}},"1":{"start":{"line":3,"column":20},"end":{"line":16,"column":1}},"2":{"start":{"line":4,"column":2},"end":{"line":15,"column":3}},"3":{"start":{"line":5,"column":23},"end":{"line":5,"column":50}},"4":{"start":{"line":6,"column":24},"end":{"line":8,"column":5}},"5":{"start":{"line":9,"column":27},"end":{"line":9,"column":48}},"6":{"start":{"line":10,"column":4},"end":{"line":10,"column":26}},"7":{"start":{"line":12,"column":18},"end":{"line":12,"column":60}},"8":{"start":{"line":13,"column":16},"end":{"line":13,"column":20}},"9":{"start":{"line":14,"column":4},"end":{"line":14,"column":26}},"10":{"start":{"line":23,"column":0},"end":{"line":23,"column":29}}},"fnMap":{"0":{"name":"(anonymous_0)","decl":{"start":{"line":3,"column":20},"end":{"line":3,"column":21}},"loc":{"start":{"line":3,"column":32},"end":{"line":16,"column":1}},"line":3}},"branchMap":{},"s":{"0":1,"1":1,"2":0,"3":0,"4":0,"5":0,"6":0,"7":0,"8":0,"9":0,"10":1},"f":{"0":0},"b":{},"_coverageSchema":"43e27e138ebf9cfc5966b082cf9a028302ed4184","hash":"9e394ee5976418229b78310c10577582e253e308"}
}
